24:18:36.765396 USBPROXY Log continuation - Log started 2022-07-01T02:07:19.072906000Z
24:18:36.765890 USBPROXY Getting USB descriptor (id 0) failed (dwErr=31) on hub USB#ROOT_HUB30#4&323272da&0&0#{f18a0e88-c30c-11d0-8815-00a0c906bed8} port 6
24:18:36.791409 USBPROXY usbLibGetDevices: Found 3 USB devices, 0 captured
30:04:06.666143 MainPower Host resumed: Resumed 1 VMs
30:04:09.102561 USBPROXY usbLibGetDevices: Starting USB device enumeration
30:04:09.107048 USBPROXY Getting USB descriptor (id 0) failed (dwErr=31) on hub USB#VID_8087&PID_8001#5&39f33ace&0&1#{f18a0e88-c30c-11d0-8815-00a0c906bed8} port 5
30:04:09.107411 USBPROXY usbLibGetDevices: Found 3 USB devices, 0 captured
30:04:10.022683 USBPROXY USB: Unknown USB device detected (idVendor: 0x0bda, idProduct: 0x5683)
30:04:13.354843 dns-monitor HostDnsMonitor: updating information
30:04:13.356090 dns-monitor HostDnsMonitor: old information
30:04:13.356122 dns-monitor   no server entries
30:04:13.356135 dns-monitor   no domain set
30:04:13.356144 dns-monitor   no search string entries
30:04:13.356154 dns-monitor HostDnsMonitor: new information
30:04:13.356162 dns-monitor   server 1: 49.205.72.130
30:04:13.356173 dns-monitor   server 2: 183.82.243.66
30:04:13.356183 dns-monitor   no domain set
30:04:13.356191 dns-monitor   no search string entries
30:13:27.690769 USBPROXY usbLibGetDevices: Starting USB device enumeration
30:13:27.691156 USBPROXY Getting USB descriptor (id 0) failed (dwErr=31) on hub USB#ROOT_HUB30#4&323272da&0&0#{f18a0e88-c30c-11d0-8815-00a0c906bed8} port 6
30:13:27.695526 USBPROXY Getting USB descriptor (id 0) failed (dwErr=31) on hub USB#VID_8087&PID_8001#5&39f33ace&0&1#{f18a0e88-c30c-11d0-8815-00a0c906bed8} port 5
30:13:27.695964 USBPROXY usbLibGetDevices: Found 3 USB devices, 0 captured
30:13:32.870686 USBPROXY usbLibGetDevices: Starting USB device enumeration
30:13:32.871097 USBPROXY Getting USB descriptor (id 0) failed (dwErr=31) on hub USB#ROOT_HUB30#4&323272da&0&0#{f18a0e88-c30c-11d0-8815-00a0c906bed8} port 6
30:13:32.883317 USBPROXY Getting USB descriptor (id 0) failed (dwErr=31) on hub USB#VID_8087&PID_8001#5&39f33ace&0&1#{f18a0e88-c30c-11d0-8815-00a0c906bed8} port 5
30:13:32.883616 USBPROXY usbLibGetDevices: Found 3 USB devices, 0 captured
30:13:35.236998 dns-monitor HostDnsMonitor: updating information
30:13:35.237043 dns-monitor HostDnsMonitor: unchanged
30:14:11.518815 dns-monitor HostDnsMonitor: updating information
30:14:11.518879 dns-monitor HostDnsMonitor: unchanged
30:15:18.880865 USBPROXY usbLibGetDevices: Starting USB device enumeration
30:15:18.881535 USBPROXY Getting USB descriptor (id 0) failed (dwErr=31) on hub USB#ROOT_HUB30#4&323272da&0&0#{f18a0e88-c30c-11d0-8815-00a0c906bed8} port 6
30:15:18.887065 USBPROXY Getting USB descriptor (id 0) failed (dwErr=31) on hub USB#VID_8087&PID_8001#5&39f33ace&0&1#{f18a0e88-c30c-11d0-8815-00a0c906bed8} port 5
30:15:18.887680 USBPROXY usbLibGetDevices: Found 3 USB devices, 0 captured
30:15:57.175779 dns-monitor HostDnsMonitor: updating information
30:15:57.175808 dns-monitor HostDnsMonitor: unchanged
30:17:04.467639 dns-monitor HostDnsMonitor: updating information
30:17:04.467706 dns-monitor HostDnsMonitor: unchanged
30:17:21.027126 USBPROXY usbLibGetDevices: Starting USB device enumeration
30:17:21.027637 USBPROXY Getting USB descriptor (id 0) failed (dwErr=31) on hub USB#ROOT_HUB30#4&323272da&0&0#{f18a0e88-c30c-11d0-8815-00a0c906bed8} port 6
30:17:21.032248 USBPROXY Getting USB descriptor (id 0) failed (dwErr=31) on hub USB#VID_8087&PID_8001#5&39f33ace&0&1#{f18a0e88-c30c-11d0-8815-00a0c906bed8} port 5
30:17:21.032768 USBPROXY usbLibGetDevices: Found 3 USB devices, 0 captured
30:17:25.582596 USBPROXY usbLibGetDevices: Starting USB device enumeration
30:17:25.582908 USBPROXY Getting USB descriptor (id 0) failed (dwErr=31) on hub USB#ROOT_HUB30#4&323272da&0&0#{f18a0e88-c30c-11d0-8815-00a0c906bed8} port 6
30:17:25.586501 USBPROXY Getting USB descriptor (id 0) failed (dwErr=31) on hub USB#VID_8087&PID_8001#5&39f33ace&0&1#{f18a0e88-c30c-11d0-8815-00a0c906bed8} port 5
30:17:25.586883 USBPROXY usbLibGetDevices: Found 3 USB devices, 0 captured
30:17:33.665122 dns-monitor HostDnsMonitor: updating information
30:17:33.665186 dns-monitor HostDnsMonitor: unchanged
30:19:11.576619 USBPROXY usbLibGetDevices: Starting USB device enumeration
30:19:11.577134 USBPROXY Getting USB descriptor (id 0) failed (dwErr=31) on hub USB#ROOT_HUB30#4&323272da&0&0#{f18a0e88-c30c-11d0-8815-00a0c906bed8} port 6
30:19:11.582368 USBPROXY Getting USB descriptor (id 0) failed (dwErr=31) on hub USB#VID_8087&PID_8001#5&39f33ace&0&1#{f18a0e88-c30c-11d0-8815-00a0c906bed8} port 5
30:19:11.582897 USBPROXY usbLibGetDevices: Found 3 USB devices, 0 captured
30:19:43.392890 dns-monitor HostDnsMonitor: updating information
30:19:43.392953 dns-monitor HostDnsMonitor: unchanged
30:23:16.638890 MainPower Host suspending: Paused 1 VMs
30:43:11.771508 MainPower Host resumed: Resumed 1 VMs
30:43:13.147548 dns-monitor HostDnsMonitor: updating information
30:43:13.147621 dns-monitor HostDnsMonitor: old information
30:43:13.147642 dns-monitor   server 1: 49.205.72.130
30:43:13.147656 dns-monitor   server 2: 183.82.243.66
30:43:13.147669 dns-monitor   no domain set
30:43:13.147680 dns-monitor   no search string entries
30:43:13.147691 dns-monitor HostDnsMonitor: new information
30:43:13.147700 dns-monitor   no server entries
30:43:13.147710 dns-monitor   no domain set
30:43:13.147720 dns-monitor   no search string entries
30:43:15.818688 USBPROXY usbLibGetDevices: Starting USB device enumeration
30:43:15.823077 USBPROXY Getting USB descriptor (id 0) failed (dwErr=31) on hub USB#VID_8087&PID_8001#5&39f33ace&0&1#{f18a0e88-c30c-11d0-8815-00a0c906bed8} port 5
30:43:15.823390 USBPROXY usbLibGetDevices: Found 3 USB devices, 0 captured
30:43:34.111930 dns-monitor HostDnsMonitor: updating information
30:43:34.111964 dns-monitor HostDnsMonitor: old information
30:43:34.111975 dns-monitor   no server entries
30:43:34.111983 dns-monitor   no domain set
30:43:34.111990 dns-monitor   no search string entries
30:43:34.111997 dns-monitor HostDnsMonitor: new information
30:43:34.112004 dns-monitor   server 1: 49.205.72.130
30:43:34.112011 dns-monitor   server 2: 183.82.243.66
30:43:34.112018 dns-monitor   no domain set
30:43:34.112024 dns-monitor   no search string entries
30:44:25.723804 dns-monitor HostDnsMonitor: updating information
30:44:25.723835 dns-monitor HostDnsMonitor: unchanged
30:45:11.219142 dns-monitor HostDnsMonitor: updating information
30:45:11.219183 dns-monitor HostDnsMonitor: unchanged
30:45:20.878393 dns-monitor HostDnsMonitor: updating information
30:45:20.878424 dns-monitor HostDnsMonitor: unchanged
30:46:17.289030 dns-monitor HostDnsMonitor: updating information
30:46:17.289075 dns-monitor HostDnsMonitor: unchanged
30:47:37.059546 dns-monitor HostDnsMonitor: updating information
30:47:37.059592 dns-monitor HostDnsMonitor: unchanged
30:47:40.551578 dns-monitor HostDnsMonitor: updating information
30:47:40.551672 dns-monitor HostDnsMonitor: unchanged
30:47:46.826336 dns-monitor HostDnsMonitor: updating information
30:47:46.826364 dns-monitor HostDnsMonitor: unchanged
30:48:54.811162 dns-monitor HostDnsMonitor: updating information
30:48:54.811321 dns-monitor HostDnsMonitor: old information
30:48:54.811358 dns-monitor   server 1: 49.205.72.130
30:48:54.811397 dns-monitor   server 2: 183.82.243.66
30:48:54.811438 dns-monitor   no domain set
30:48:54.811464 dns-monitor   no search string entries
30:48:54.811502 dns-monitor HostDnsMonitor: new information
30:48:54.811534 dns-monitor   server 1: 192.168.0.1
30:48:54.811559 dns-monitor   no domain set
30:48:54.811608 dns-monitor   no search string entries
30:50:26.820711 dns-monitor HostDnsMonitor: updating information
30:50:26.820771 dns-monitor HostDnsMonitor: unchanged
30:50:31.999991 dns-monitor HostDnsMonitor: updating information
30:50:32.000100 dns-monitor HostDnsMonitor: old information
30:50:32.000130 dns-monitor   server 1: 192.168.0.1
30:50:32.000150 dns-monitor   no domain set
30:50:32.000165 dns-monitor   no search string entries
30:50:32.000383 dns-monitor HostDnsMonitor: new information
30:50:32.000404 dns-monitor   server 1: 192.168.0.1
30:50:32.000417 dns-monitor   server 2: 49.205.72.130
30:50:32.000428 dns-monitor   server 3: 183.82.243.66
30:50:32.000439 dns-monitor   no domain set
30:50:32.000449 dns-monitor   no search string entries
30:51:04.078874 dns-monitor HostDnsMonitor: updating information
30:51:04.078951 dns-monitor HostDnsMonitor: unchanged
30:52:14.994964 dns-monitor HostDnsMonitor: updating information
30:52:14.995024 dns-monitor HostDnsMonitor: old information
30:52:14.995040 dns-monitor   server 1: 192.168.0.1
30:52:14.995051 dns-monitor   server 2: 49.205.72.130
30:52:14.995061 dns-monitor   server 3: 183.82.243.66
30:52:14.995071 dns-monitor   no domain set
30:52:14.995080 dns-monitor   no search string entries
30:52:14.995089 dns-monitor HostDnsMonitor: new information
30:52:14.995098 dns-monitor   server 1: 192.168.0.1
30:52:14.995107 dns-monitor   no domain set
30:52:14.995116 dns-monitor   no search string entries
30:52:31.251918 USBPROXY usbLibGetDevices: Starting USB device enumeration
30:52:31.252187 USBPROXY Getting USB descriptor (id 0) failed (dwErr=31) on hub USB#ROOT_HUB30#4&323272da&0&0#{f18a0e88-c30c-11d0-8815-00a0c906bed8} port 6
30:52:31.255516 USBPROXY Getting USB descriptor (id 0) failed (dwErr=31) on hub USB#VID_8087&PID_8001#5&39f33ace&0&1#{f18a0e88-c30c-11d0-8815-00a0c906bed8} port 5
30:52:31.255793 USBPROXY usbLibGetDevices: Found 3 USB devices, 0 captured
30:52:37.527360 USBPROXY usbLibGetDevices: Starting USB device enumeration
30:52:37.529093 USBPROXY Getting USB descriptor (id 0) failed (dwErr=31) on hub USB#ROOT_HUB30#4&323272da&0&0#{f18a0e88-c30c-11d0-8815-00a0c906bed8} port 6
30:52:37.551396 USBPROXY Getting USB descriptor (id 0) failed (dwErr=31) on hub USB#VID_8087&PID_8001#5&39f33ace&0&1#{f18a0e88-c30c-11d0-8815-00a0c906bed8} port 5
30:52:37.552855 USBPROXY usbLibGetDevices: Found 3 USB devices, 0 captured
30:52:49.652744 dns-monitor HostDnsMonitor: updating information
30:52:49.652789 dns-monitor HostDnsMonitor: old information
30:52:49.652798 dns-monitor   server 1: 192.168.0.1
30:52:49.652805 dns-monitor   no domain set
30:52:49.652811 dns-monitor   no search string entries
30:52:49.652817 dns-monitor HostDnsMonitor: new information
30:52:49.652823 dns-monitor   server 1: 192.168.0.1
30:52:49.652829 dns-monitor   server 2: 49.205.72.130
30:52:49.652835 dns-monitor   server 3: 183.82.243.66
30:52:49.652840 dns-monitor   no domain set
30:52:49.652846 dns-monitor   no search string entries
30:53:08.360727 dns-monitor HostDnsMonitor: updating information
30:53:08.360760 dns-monitor HostDnsMonitor: unchanged
30:54:14.487936 dns-monitor HostDnsMonitor: updating information
30:54:14.488003 dns-monitor HostDnsMonitor: old information
30:54:14.488017 dns-monitor   server 1: 192.168.0.1
30:54:14.488027 dns-monitor   server 2: 49.205.72.130
30:54:14.488035 dns-monitor   server 3: 183.82.243.66
30:54:14.488044 dns-monitor   no domain set
30:54:14.488052 dns-monitor   no search string entries
30:54:14.488061 dns-monitor HostDnsMonitor: new information
30:54:14.488070 dns-monitor   server 1: 49.205.72.130
30:54:14.488079 dns-monitor   server 2: 183.82.243.66
30:54:14.488088 dns-monitor   no domain set
30:54:14.488096 dns-monitor   no search string entries
30:54:23.159908 USBPROXY usbLibGetDevices: Starting USB device enumeration
30:54:23.160422 USBPROXY Getting USB descriptor (id 0) failed (dwErr=31) on hub USB#ROOT_HUB30#4&323272da&0&0#{f18a0e88-c30c-11d0-8815-00a0c906bed8} port 6
30:54:23.164979 USBPROXY Getting USB descriptor (id 0) failed (dwErr=31) on hub USB#VID_8087&PID_8001#5&39f33ace&0&1#{f18a0e88-c30c-11d0-8815-00a0c906bed8} port 5
30:54:23.165939 USBPROXY usbLibGetDevices: Found 3 USB devices, 0 captured
30:55:42.624700 dns-monitor HostDnsMonitor: updating information
30:55:42.624742 dns-monitor HostDnsMonitor: unchanged
30:55:53.905783 dns-monitor HostDnsMonitor: updating information
30:55:53.905818 dns-monitor HostDnsMonitor: unchanged
30:57:58.155898 dns-monitor HostDnsMonitor: updating information
30:57:58.155944 dns-monitor HostDnsMonitor: unchanged
30:59:18.526135 dns-monitor HostDnsMonitor: updating information
30:59:18.526167 dns-monitor HostDnsMonitor: unchanged
30:59:20.768742 dns-monitor HostDnsMonitor: updating information
30:59:20.768804 dns-monitor HostDnsMonitor: unchanged
31:02:02.882344 dns-monitor HostDnsMonitor: updating information
31:02:02.882378 dns-monitor HostDnsMonitor: unchanged
31:02:05.028332 dns-monitor HostDnsMonitor: updating information
31:02:05.028385 dns-monitor HostDnsMonitor: unchanged
31:02:27.312382 dns-monitor HostDnsMonitor: updating information
31:02:27.312426 dns-monitor HostDnsMonitor: unchanged
31:04:00.435850 dns-monitor HostDnsMonitor: updating information
31:04:00.435914 dns-monitor HostDnsMonitor: unchanged
31:04:46.343416 dns-monitor HostDnsMonitor: updating information
31:04:46.343442 dns-monitor HostDnsMonitor: unchanged
31:04:48.355668 dns-monitor HostDnsMonitor: updating information
31:04:48.355699 dns-monitor HostDnsMonitor: unchanged
31:05:02.289496 USBPROXY usbLibGetDevices: Starting USB device enumeration
31:05:02.294099 USBPROXY Getting USB descriptor (id 0) failed (dwErr=31) on hub USB#ROOT_HUB30#4&323272da&0&0#{f18a0e88-c30c-11d0-8815-00a0c906bed8} port 6
31:05:02.297791 USBPROXY Getting USB descriptor (id 0) failed (dwErr=31) on hub USB#VID_8087&PID_8001#5&39f33ace&0&1#{f18a0e88-c30c-11d0-8815-00a0c906bed8} port 5
31:05:02.298030 USBPROXY usbLibGetDevices: Found 3 USB devices, 0 captured
31:05:06.747716 USBPROXY usbLibGetDevices: Starting USB device enumeration
31:05:06.747945 USBPROXY Getting USB descriptor (id 0) failed (dwErr=31) on hub USB#ROOT_HUB30#4&323272da&0&0#{f18a0e88-c30c-11d0-8815-00a0c906bed8} port 6
31:05:06.751421 USBPROXY Getting USB descriptor (id 0) failed (dwErr=31) on hub USB#VID_8087&PID_8001#5&39f33ace&0&1#{f18a0e88-c30c-11d0-8815-00a0c906bed8} port 5
31:05:06.751748 USBPROXY usbLibGetDevices: Found 3 USB devices, 0 captured
31:05:12.002500 dns-monitor HostDnsMonitor: updating information
31:05:12.002528 dns-monitor HostDnsMonitor: unchanged
31:05:42.838627 dns-monitor HostDnsMonitor: updating information
31:05:42.838666 dns-monitor HostDnsMonitor: unchanged
31:06:52.848015 USBPROXY usbLibGetDevices: Starting USB device enumeration
31:06:52.848471 USBPROXY Getting USB descriptor (id 0) failed (dwErr=31) on hub USB#ROOT_HUB30#4&323272da&0&0#{f18a0e88-c30c-11d0-8815-00a0c906bed8} port 6
31:06:52.851955 USBPROXY Getting USB descriptor (id 0) failed (dwErr=31) on hub USB#VID_8087&PID_8001#5&39f33ace&0&1#{f18a0e88-c30c-11d0-8815-00a0c906bed8} port 5
31:06:52.852183 USBPROXY usbLibGetDevices: Found 3 USB devices, 0 captured
31:36:24.209603          Saving settings file "C:\Users\Vishwa\VirtualBox VMs\CentOS\CentOS.vbox" with version "1.16-windows"
31:57:57.240720 MainPower Host suspending: Paused 1 VMs
34:58:05.076024 dns-monitor HostDnsMonitor: updating information
34:58:05.076067 dns-monitor HostDnsMonitor: unchanged
34:58:05.985068 USBPROXY usbLibGetDevices: Starting USB device enumeration
34:58:05.985430 USBPROXY Getting USB descriptor (id 0) failed (dwErr=31) on hub USB#ROOT_HUB30#4&323272da&0&0#{f18a0e88-c30c-11d0-8815-00a0c906bed8} port 6
34:58:05.989122 USBPROXY Getting USB descriptor (id 0) failed (dwErr=31) on hub USB#VID_8087&PID_8001#5&39f33ace&0&1#{f18a0e88-c30c-11d0-8815-00a0c906bed8} port 5
34:58:05.990403 USBPROXY usbLibGetDevices: Found 3 USB devices, 0 captured
